<?xml version="1.0" encoding="UTF-8"?>
<testng-results skipped="0" failed="0" ignored="0" total="1" passed="1">
  <reporter-output>
  </reporter-output>
  <suite name="Default suite" duration-ms="79721" started-at="2018-07-18T06:57:45Z" finished-at="2018-07-18T06:59:05Z">
    <groups>
    </groups>
    <test name="Default test" duration-ms="79721" started-at="2018-07-18T06:57:45Z" finished-at="2018-07-18T06:59:05Z">
      <class name="com.pCloudy.testNG.LocalRunnerAndroid">
        <test-method status="PASS" signature="setUpSuite()[pri:0, instance:com.pCloudy.testNG.LocalRunnerAndroid@64bf3bbf]" name="setUpSuite" is-config="true" duration-ms="27" started-at="2018-07-18T12:27:45Z" finished-at="2018-07-18T12:27:45Z">
          <reporter-output>
          </reporter-output>
        </test-method> <!-- setUpSuite -->
        <test-method status="PASS" signature="prepareTest()[pri:0, instance:com.pCloudy.testNG.LocalRunnerAndroid@64bf3bbf]" name="prepareTest" is-config="true" duration-ms="61348" started-at="2018-07-18T12:27:45Z" finished-at="2018-07-18T12:28:47Z">
          <reporter-output>
          </reporter-output>
        </test-method> <!-- prepareTest -->
        <test-method status="PASS" signature="Test1()[pri:0, instance:com.pCloudy.testNG.LocalRunnerAndroid@64bf3bbf]" name="Test1" duration-ms="13810" started-at="2018-07-18T12:28:47Z" finished-at="2018-07-18T12:29:01Z">
          <reporter-output>
          </reporter-output>
        </test-method> <!-- Test1 -->
        <test-method status="PASS" signature="endTest()[pri:0, instance:com.pCloudy.testNG.LocalRunnerAndroid@64bf3bbf]" name="endTest" is-config="true" duration-ms="4498" started-at="2018-07-18T12:29:01Z" finished-at="2018-07-18T12:29:05Z">
          <reporter-output>
          </reporter-output>
        </test-method> <!-- endTest -->
      </class> <!-- com.pCloudy.testNG.LocalRunnerAndroid -->
    </test> <!-- Default test -->
  </suite> <!-- Default suite -->
</testng-results>
