<?xml version="1.0" encoding="UTF-8"?>
<testng-results skipped="0" failed="0" ignored="0" total="1" passed="1">
  <reporter-output>
  </reporter-output>
  <suite name="Suite" duration-ms="32355" started-at="2018-06-07T10:03:20Z" finished-at="2018-06-07T10:03:53Z">
    <groups>
    </groups>
    <test name="Test" duration-ms="32355" started-at="2018-06-07T10:03:20Z" finished-at="2018-06-07T10:03:53Z">
      <class name="com.pCloudy.testNG.LocalRunner1">
        <test-method status="PASS" signature="setUpSuite()[pri:0, instance:com.pCloudy.testNG.LocalRunner1@215be6bb]" name="setUpSuite" is-config="true" duration-ms="21" started-at="2018-06-07T15:33:20Z" finished-at="2018-06-07T15:33:20Z">
          <reporter-output>
          </reporter-output>
        </test-method> <!-- setUpSuite -->
        <test-method status="PASS" signature="prepareTest()[pri:0, instance:com.pCloudy.testNG.LocalRunner1@215be6bb]" name="prepareTest" is-config="true" duration-ms="24894" started-at="2018-06-07T15:33:20Z" finished-at="2018-06-07T15:33:45Z">
          <reporter-output>
          </reporter-output>
        </test-method> <!-- prepareTest -->
        <test-method status="PASS" signature="Test1()[pri:0, instance:com.pCloudy.testNG.LocalRunner1@215be6bb]" name="Test1" duration-ms="7290" started-at="2018-06-07T15:33:45Z" finished-at="2018-06-07T15:33:53Z">
          <reporter-output>
          </reporter-output>
        </test-method> <!-- Test1 -->
        <test-method status="FAIL" signature="endTest()[pri:0, instance:com.pCloudy.testNG.LocalRunner1@215be6bb]" name="endTest" is-config="true" duration-ms="86" started-at="2018-06-07T15:33:53Z" finished-at="2018-06-07T15:33:53Z">
          <exception class="org.openqa.selenium.NoSuchSessionException">
            <message>
              <![CDATA[A session is either terminated or not started (WARNING: The server did not provide any stacktrace information)
Command duration or timeout: 0 milliseconds
Build info: version: '3.9.1', revision: '63f7b50', time: '2018-02-07T22:25:02.294Z'
System info: host: 'shibu-pc', ip: '127.0.1.1', os.name: 'Linux', os.arch: 'amd64', os.version: '4.4.0-124-generic', java.version: '1.8.0_171'
Driver info: io.appium.java_client.android.AndroidDriver
Capabilities {apiKey: shibu.prasad@sstsinc.com, appActivity: com.ba.mobile.LaunchActivity, appPackage: com.pcloudy.appiumdemo, databaseEnabled: false, desired: {apiKey: shibu.prasad@sstsinc.com, appActivity: com.ba.mobile.LaunchActivity, appPackage: com.pcloudy.appiumdemo, deviceName: 2cc6de2a, launchTimeout: 90000, newCommandTimeout: 600, platformName: Android, platformVersion: 6.0.1, userName: shibu.prasad@sstsinc.com}, deviceManufacturer: TCL, deviceModel: 6055K, deviceName: 2cc6de2a, deviceScreenSize: 1080x1920, deviceUDID: 2cc6de2a, javascriptEnabled: true, launchTimeout: 90000, locationContextEnabled: false, networkConnectionEnabled: true, newCommandTimeout: 600, platform: LINUX, platformName: LINUX, platformVersion: 6.0.1, takesScreenshot: true, userName: shibu.prasad@sstsinc.com, warnings: {}, webStorageEnabled: false}
Session ID: 5055c124-43a8-40e8-b501-d179747d16d3]]>
            </message>
            <full-stacktrace>
              <![CDATA[org.openqa.selenium.NoSuchSessionException: A session is either terminated or not started (WARNING: The server did not provide any stacktrace information)
Command duration or timeout: 0 milliseconds
Build info: version: '3.9.1', revision: '63f7b50', time: '2018-02-07T22:25:02.294Z'
System info: host: 'shibu-pc', ip: '127.0.1.1', os.name: 'Linux', os.arch: 'amd64', os.version: '4.4.0-124-generic', java.version: '1.8.0_171'
Driver info: io.appium.java_client.android.AndroidDriver
Capabilities {apiKey: shibu.prasad@sstsinc.com, appActivity: com.ba.mobile.LaunchActivity, appPackage: com.pcloudy.appiumdemo, databaseEnabled: false, desired: {apiKey: shibu.prasad@sstsinc.com, appActivity: com.ba.mobile.LaunchActivity, appPackage: com.pcloudy.appiumdemo, deviceName: 2cc6de2a, launchTimeout: 90000, newCommandTimeout: 600, platformName: Android, platformVersion: 6.0.1, userName: shibu.prasad@sstsinc.com}, deviceManufacturer: TCL, deviceModel: 6055K, deviceName: 2cc6de2a, deviceScreenSize: 1080x1920, deviceUDID: 2cc6de2a, javascriptEnabled: true, launchTimeout: 90000, locationContextEnabled: false, networkConnectionEnabled: true, newCommandTimeout: 600, platform: LINUX, platformName: LINUX, platformVersion: 6.0.1, takesScreenshot: true, userName: shibu.prasad@sstsinc.com, warnings: {}, webStorageEnabled: false}
Session ID: 5055c124-43a8-40e8-b501-d179747d16d3
	at sun.reflect.NativeConstructorAccessorImpl.newInstance0(Native Method)
	at sun.reflect.NativeConstructorAccessorImpl.newInstance(NativeConstructorAccessorImpl.java:62)
	at sun.reflect.DelegatingConstructorAccessorImpl.newInstance(DelegatingConstructorAccessorImpl.java:45)
	at java.lang.reflect.Constructor.newInstance(Constructor.java:423)
	at org.openqa.selenium.remote.ErrorHandler.createThrowable(ErrorHandler.java:214)
	at org.openqa.selenium.remote.ErrorHandler.throwIfResponseFailed(ErrorHandler.java:166)
	at org.openqa.selenium.remote.http.JsonHttpResponseCodec.reconstructValue(JsonHttpResponseCodec.java:40)
	at org.openqa.selenium.remote.http.AbstractHttpResponseCodec.decode(AbstractHttpResponseCodec.java:80)
	at org.openqa.selenium.remote.http.AbstractHttpResponseCodec.decode(AbstractHttpResponseCodec.java:44)
	at org.openqa.selenium.remote.HttpCommandExecutor.execute(HttpCommandExecutor.java:160)
	at io.appium.java_client.remote.AppiumCommandExecutor.execute(AppiumCommandExecutor.java:129)
	at org.openqa.selenium.remote.RemoteWebDriver.execute(RemoteWebDriver.java:601)
	at io.appium.java_client.DefaultGenericMobileDriver.execute(DefaultGenericMobileDriver.java:46)
	at io.appium.java_client.AppiumDriver.execute(AppiumDriver.java:1)
	at io.appium.java_client.android.AndroidDriver.execute(AndroidDriver.java:1)
	at org.openqa.selenium.remote.RemoteWebDriver.quit(RemoteWebDriver.java:497)
	at com.pCloudy.testNG.LocalRunner1.endTest(LocalRunner1.java:79)
	at sun.reflect.NativeMethodAccessorImpl.invoke0(Native Method)
	at sun.reflect.NativeMethodAccessorImpl.invoke(NativeMethodAccessorImpl.java:62)
	at sun.reflect.DelegatingMethodAccessorImpl.invoke(DelegatingMethodAccessorImpl.java:43)
	at java.lang.reflect.Method.invoke(Method.java:498)
	at org.testng.internal.MethodInvocationHelper.invokeMethod(MethodInvocationHelper.java:108)
	at org.testng.internal.Invoker.invokeConfigurationMethod(Invoker.java:523)
	at org.testng.internal.Invoker.invokeConfigurations(Invoker.java:224)
	at org.testng.internal.Invoker.invokeMethod(Invoker.java:723)
	at org.testng.internal.Invoker.invokeTestMethod(Invoker.java:869)
	at org.testng.internal.Invoker.invokeTestMethods(Invoker.java:1193)
	at org.testng.internal.TestMethodWorker.invokeTestMethods(TestMethodWorker.java:126)
	at org.testng.internal.TestMethodWorker.run(TestMethodWorker.java:109)
	at org.testng.TestRunner.privateRun(TestRunner.java:744)
	at org.testng.TestRunner.run(TestRunner.java:602)
	at org.testng.SuiteRunner.runTest(SuiteRunner.java:380)
	at org.testng.SuiteRunner.runSequentially(SuiteRunner.java:375)
	at org.testng.SuiteRunner.privateRun(SuiteRunner.java:340)
	at org.testng.SuiteRunner.run(SuiteRunner.java:289)
	at org.testng.SuiteRunnerWorker.runSuite(SuiteRunnerWorker.java:52)
	at org.testng.SuiteRunnerWorker.run(SuiteRunnerWorker.java:86)
	at org.testng.TestNG.runSuitesSequentially(TestNG.java:1301)
	at org.testng.TestNG.runSuitesLocally(TestNG.java:1226)
	at org.testng.TestNG.runSuites(TestNG.java:1144)
	at org.testng.TestNG.run(TestNG.java:1115)
	at org.apache.maven.surefire.testng.TestNGExecutor.run(TestNGExecutor.java:283)
	at org.apache.maven.surefire.testng.TestNGXmlTestSuite.execute(TestNGXmlTestSuite.java:75)
	at org.apache.maven.surefire.testng.TestNGProvider.invoke(TestNGProvider.java:120)
	at org.apache.maven.surefire.booter.ForkedBooter.invokeProviderInSameClassLoader(ForkedBooter.java:386)
	at org.apache.maven.surefire.booter.ForkedBooter.runSuitesInProcess(ForkedBooter.java:323)
	at org.apache.maven.surefire.booter.ForkedBooter.main(ForkedBooter.java:143)
]]>
            </full-stacktrace>
          </exception> <!-- org.openqa.selenium.NoSuchSessionException -->
          <reporter-output>
          </reporter-output>
        </test-method> <!-- endTest -->
        <test-method status="SKIP" signature="tearDownSuite()[pri:0, instance:com.pCloudy.testNG.LocalRunner1@215be6bb]" name="tearDownSuite" is-config="true" duration-ms="0" started-at="2018-06-07T15:33:53Z" finished-at="2018-06-07T15:33:53Z">
          <reporter-output>
          </reporter-output>
        </test-method> <!-- tearDownSuite -->
      </class> <!-- com.pCloudy.testNG.LocalRunner1 -->
    </test> <!-- Test -->
  </suite> <!-- Suite -->
</testng-results>
