<?xml version="1.0" encoding="UTF-8"?>
<testsuite xmlns:xsi="http://www.w3.org/2001/XMLSchema-instance" xsi:noNamespaceSchemaLocation="https://maven.apache.org/surefire/maven-surefire-plugin/xsd/surefire-test-report.xsd" name="TestSuite" time="33.206" tests="3" errors="0" skipped="1" failures="1">
  <properties>
[...]
</properties>
  <testcase name="Test1" classname="com.pCloudy.testNG.LocalRunner1" time="7.293"/>
  <testcase name="endTest" classname="com.pCloudy.testNG.LocalRunner1" time="7.405">
    <failure message="A session is either terminated or not started (WARNING: The server did not provide any stacktrace information)&#10;Command duration or timeout: 0 milliseconds&#10;Build info: version: &apos;3.9.1&apos;, revision: &apos;63f7b50&apos;, time: &apos;2018-02-07T22:25:02.294Z&apos;&#10;System info: host: &apos;shibu-pc&apos;, ip: &apos;127.0.1.1&apos;, os.name: &apos;Linux&apos;, os.arch: &apos;amd64&apos;, os.version: &apos;4.4.0-124-generic&apos;, java.version: &apos;1.8.0_171&apos;&#10;Driver info: io.appium.java_client.android.AndroidDriver&#10;Capabilities {apiKey: shibu.prasad@sstsinc.com, appActivity: com.ba.mobile.LaunchActivity, appPackage: com.pcloudy.appiumdemo, databaseEnabled: false, desired: {apiKey: shibu.prasad@sstsinc.com, appActivity: com.ba.mobile.LaunchActivity, appPackage: com.pcloudy.appiumdemo, deviceName: 2cc6de2a, launchTimeout: 90000, newCommandTimeout: 600, platformName: Android, platformVersion: 6.0.1, userName: shibu.prasad@sstsinc.com}, deviceManufacturer: TCL, deviceModel: 6055K, deviceName: 2cc6de2a, deviceScreenSize: 1080x1920, deviceUDID: 2cc6de2a, javascriptEnabled: true, launchTimeout: 90000, locationContextEnabled: false, networkConnectionEnabled: true, newCommandTimeout: 600, platform: LINUX, platformName: LINUX, platformVersion: 6.0.1, takesScreenshot: true, userName: shibu.prasad@sstsinc.com, warnings: {}, webStorageEnabled: false}&#10;Session ID: 5055c124-43a8-40e8-b501-d179747d16d3" type="org.openqa.selenium.NoSuchSessionException">org.openqa.selenium.NoSuchSessionException: 
A session is either terminated or not started (WARNING: The server did not provide any stacktrace information)
Command duration or timeout: 0 milliseconds
Build info: version: '3.9.1', revision: '63f7b50', time: '2018-02-07T22:25:02.294Z'
System info: host: 'shibu-pc', ip: '127.0.1.1', os.name: 'Linux', os.arch: 'amd64', os.version: '4.4.0-124-generic', java.version: '1.8.0_171'
Driver info: io.appium.java_client.android.AndroidDriver
Capabilities {apiKey: shibu.prasad@sstsinc.com, appActivity: com.ba.mobile.LaunchActivity, appPackage: com.pcloudy.appiumdemo, databaseEnabled: false, desired: {apiKey: shibu.prasad@sstsinc.com, appActivity: com.ba.mobile.LaunchActivity, appPackage: com.pcloudy.appiumdemo, deviceName: 2cc6de2a, launchTimeout: 90000, newCommandTimeout: 600, platformName: Android, platformVersion: 6.0.1, userName: shibu.prasad@sstsinc.com}, deviceManufacturer: TCL, deviceModel: 6055K, deviceName: 2cc6de2a, deviceScreenSize: 1080x1920, deviceUDID: 2cc6de2a, javascriptEnabled: true, launchTimeout: 90000, locationContextEnabled: false, networkConnectionEnabled: true, newCommandTimeout: 600, platform: LINUX, platformName: LINUX, platformVersion: 6.0.1, takesScreenshot: true, userName: shibu.prasad@sstsinc.com, warnings: {}, webStorageEnabled: false}
Session ID: 5055c124-43a8-40e8-b501-d179747d16d3
	at com.pCloudy.testNG.LocalRunner1.endTest(LocalRunner1.java:79)
</failure>
    <system-err><![CDATA[Jun 07, 2018 3:33:53 PM org.apache.http.impl.execchain.RetryExec execute
INFO: I/O exception (org.apache.http.NoHttpResponseException) caught when processing request to {}->http://127.0.0.1:1234: The target server failed to respond
Jun 07, 2018 3:33:53 PM org.apache.http.impl.execchain.RetryExec execute
INFO: Retrying request to {}->http://127.0.0.1:1234
]]></system-err>
  </testcase>
  <testcase name="tearDownSuite" classname="com.pCloudy.testNG.LocalRunner1" time="0">
    <skipped/>
  </testcase>
</testsuite>