<?xml version="1.0" encoding="UTF-8"?>
<!-- Generated by org.testng.reporters.JUnitXMLReporter -->
<testsuite hostname="shibu-pc" ignored="0" name="Test1" tests="2" failures="1" timestamp="04 Jul 2018 10:46:28 GMT" time="153.893" errors="0">
  <testcase name="Test1" time="3.862" classname="com.pCloudy.testNG.LocalRunner3"/>
  <testcase name="Test2" time="0.48" classname="com.pCloudy.testNG.LocalRunner3">
    <failure type="org.openqa.selenium.NoSuchElementException" message="An element could not be located on the page using the given search parameters. (WARNING: The server did not provide any stacktrace information)
Command duration or timeout: 0 milliseconds
For documentation on this error, please visit: http://seleniumhq.org/exceptions/no_such_element.html
Build info: version: &amp;apos;3.9.1&amp;apos;, revision: &amp;apos;63f7b50&amp;apos;, time: &amp;apos;2018-02-07T22:25:02.294Z&amp;apos;
System info: host: &amp;apos;shibu-pc&amp;apos;, ip: &amp;apos;127.0.1.1&amp;apos;, os.name: &amp;apos;Linux&amp;apos;, os.arch: &amp;apos;amd64&amp;apos;, os.version: &amp;apos;4.4.0-128-generic&amp;apos;, java.version: &amp;apos;1.8.0_171&amp;apos;
Driver info: org.openqa.selenium.remote.RemoteWebDriver
Capabilities {app: /home/radmin/build/raid-dat..., appActivity: com.ba.mobile.LaunchActivity, appPackage: com.pcloudy.appiumdemo, databaseEnabled: false, desired: {app: /home/radmin/build/raid-dat..., appActivity: com.ba.mobile.LaunchActivity, appPackage: com.pcloudy.appiumdemo, deviceName: 350, launchTimeout: 90000, newCommandTimeout: 600, pCloudy_ApiEndpoint: https://device.pcloudy.com, pCloudy_ApiKey: hnbjrsxgtqmnzv8pkghgtrnw, pCloudy_ApplicationName: pCloudyAppiumDemo.apk, pCloudy_DeviceManafacturer: Samsung, pCloudy_Username: shibu.prasad@sstsinc.com, platformName: Android, udid: 6151da74}, deviceManufacturer: samsung, deviceModel: SM-J510FN, deviceName: 6151da74, deviceScreenSize: 720x1280, deviceUDID: 6151da74, javascriptEnabled: true, launchTimeout: 90000, locationContextEnabled: false, networkConnectionEnabled: true, newCommandTimeout: 600, pCloudy_ApiEndpoint: https://device.pcloudy.com, pCloudy_ApiKey: hnbjrsxgtqmnzv8pkghgtrnw, pCloudy_ApplicationName: pCloudyAppiumDemo.apk, pCloudy_DeviceManafacturer: Samsung, pCloudy_Username: shibu.prasad@sstsinc.com, platform: LINUX, platformName: LINUX, platformVersion: 6.0.1, takesScreenshot: true, udid: 6151da74, warnings: {}, webStorageEnabled: false}
Session ID: 39399869-8855-4f07-a7c7-022bae2fdf38
*** Element info: {Using=xpath, value=//android.widget.Button[@resource-id=&amp;apos;com.pcloudy.appiumdemo:id/searchFlights&amp;apos;]}">
      <![CDATA[org.openqa.selenium.NoSuchElementException: An element could not be located on the page using the given search parameters. (WARNING: The server did not provide any stacktrace information)
Command duration or timeout: 0 milliseconds
For documentation on this error, please visit: http://seleniumhq.org/exceptions/no_such_element.html
Build info: version: '3.9.1', revision: '63f7b50', time: '2018-02-07T22:25:02.294Z'
System info: host: 'shibu-pc', ip: '127.0.1.1', os.name: 'Linux', os.arch: 'amd64', os.version: '4.4.0-128-generic', java.version: '1.8.0_171'
Driver info: org.openqa.selenium.remote.RemoteWebDriver
Capabilities {app: /home/radmin/build/raid-dat..., appActivity: com.ba.mobile.LaunchActivity, appPackage: com.pcloudy.appiumdemo, databaseEnabled: false, desired: {app: /home/radmin/build/raid-dat..., appActivity: com.ba.mobile.LaunchActivity, appPackage: com.pcloudy.appiumdemo, deviceName: 350, launchTimeout: 90000, newCommandTimeout: 600, pCloudy_ApiEndpoint: https://device.pcloudy.com, pCloudy_ApiKey: hnbjrsxgtqmnzv8pkghgtrnw, pCloudy_ApplicationName: pCloudyAppiumDemo.apk, pCloudy_DeviceManafacturer: Samsung, pCloudy_Username: shibu.prasad@sstsinc.com, platformName: Android, udid: 6151da74}, deviceManufacturer: samsung, deviceModel: SM-J510FN, deviceName: 6151da74, deviceScreenSize: 720x1280, deviceUDID: 6151da74, javascriptEnabled: true, launchTimeout: 90000, locationContextEnabled: false, networkConnectionEnabled: true, newCommandTimeout: 600, pCloudy_ApiEndpoint: https://device.pcloudy.com, pCloudy_ApiKey: hnbjrsxgtqmnzv8pkghgtrnw, pCloudy_ApplicationName: pCloudyAppiumDemo.apk, pCloudy_DeviceManafacturer: Samsung, pCloudy_Username: shibu.prasad@sstsinc.com, platform: LINUX, platformName: LINUX, platformVersion: 6.0.1, takesScreenshot: true, udid: 6151da74, warnings: {}, webStorageEnabled: false}
Session ID: 39399869-8855-4f07-a7c7-022bae2fdf38
*** Element info: {Using=xpath, value=//android.widget.Button[@resource-id='com.pcloudy.appiumdemo:id/searchFlights']}
	at org.openqa.selenium.remote.ErrorHandler.createThrowable(ErrorHandler.java:214)
	at org.openqa.selenium.remote.ErrorHandler.throwIfResponseFailed(ErrorHandler.java:166)
	at org.openqa.selenium.remote.http.JsonHttpResponseCodec.reconstructValue(JsonHttpResponseCodec.java:40)
	at org.openqa.selenium.remote.http.AbstractHttpResponseCodec.decode(AbstractHttpResponseCodec.java:80)
	at org.openqa.selenium.remote.http.AbstractHttpResponseCodec.decode(AbstractHttpResponseCodec.java:44)
	at org.openqa.selenium.remote.HttpCommandExecutor.execute(HttpCommandExecutor.java:160)
	at org.openqa.selenium.remote.RemoteWebDriver.execute(RemoteWebDriver.java:601)
	at org.openqa.selenium.remote.RemoteWebDriver.findElement(RemoteWebDriver.java:371)
	at org.openqa.selenium.remote.RemoteWebDriver.findElementByXPath(RemoteWebDriver.java:473)
	at org.openqa.selenium.By$ByXPath.findElement(By.java:361)
	at org.openqa.selenium.remote.RemoteWebDriver.findElement(RemoteWebDriver.java:363)
	at com.pCloudy.testNG.LocalRunner3.Test2(LocalRunner3.java:94)
	at java.util.concurrent.FutureTask.run(FutureTask.java:266)
	at java.util.concurrent.ThreadPoolExecutor.runWorker(ThreadPoolExecutor.java:1149)
	at java.util.concurrent.ThreadPoolExecutor$Worker.run(ThreadPoolExecutor.java:624)
	at java.lang.Thread.run(Thread.java:748)
... Removed 20 stack frames]]>
    </failure>
  </testcase> <!-- Test2 -->
</testsuite> <!-- Test1 -->
